\BOOKMARK [0][-]{chapter*.2}{\376\377\000L\000i\000s\000t\000\040\000o\000f\000\040\000T\000a\000b\000l\000e\000s}{}% 1
\BOOKMARK [0][-]{chapter*.3}{\376\377\000L\000i\000s\000t\000\040\000o\000f\000\040\000F\000i\000g\000u\000r\000e\000s}{}% 2
\BOOKMARK [0][-]{chapter*.4}{\376\377\000L\000i\000s\000t\000\040\000o\000f\000\040\000L\000i\000s\000t\000i\000n\000g\000s}{}% 3
\BOOKMARK [0][-]{chapter*.5}{\376\377\000A\000b\000s\000t\000r\000a\000c\000t}{}% 4
\BOOKMARK [0][-]{chapter.1}{\376\377\000S\000y\000s\000t\000e\000m\000\040\000i\000m\000p\000l\000e\000m\000e\000n\000t\000a\000t\000i\000o\000n}{}% 5
\BOOKMARK [1][-]{section.1.1}{\376\377\000D\000a\000t\000a\000b\000a\000s\000e\000\040\040\023\000\040\000M\000o\000n\000g\000o\000D\000B}{chapter.1}% 6
\BOOKMARK [2][-]{subsection.1.1.1}{\376\377\000D\000a\000t\000a\000\040\000a\000n\000a\000l\000y\000s\000i\000s}{section.1.1}% 7
\BOOKMARK [2][-]{subsection.1.1.2}{\376\377\000C\000o\000l\000l\000e\000c\000t\000i\000o\000n\000s\000'\000\040\000s\000c\000h\000e\000m\000a}{section.1.1}% 8
\BOOKMARK [2][-]{subsection.1.1.3}{\376\377\000S\000c\000h\000e\000m\000a\000\040\000i\000n\000d\000e\000x\000e\000s\000\040\000a\000n\000d\000\040\000b\000u\000l\000k\000\040\000d\000a\000t\000a\000\040\000i\000n\000s\000e\000r\000t}{section.1.1}% 9
\BOOKMARK [2][-]{subsection.1.1.4}{\376\377\000T\000e\000c\000h\000n\000i\000c\000a\000l\000\040\000d\000e\000t\000a\000i\000l\000s}{section.1.1}% 10
\BOOKMARK [1][-]{section.1.2}{\376\377\000R\000E\000S\000T\000f\000u\000l\000\040\000A\000P\000I\000\040\040\023\000\040\000E\000x\000p\000r\000e\000s\000s}{chapter.1}% 11
\BOOKMARK [1][-]{section.1.3}{\376\377\000W\000e\000b\000s\000i\000t\000e\000\040\040\023\000\040\000V\000u\000e\000\040\000a\000n\000d\000\040\000T\000a\000i\000l\000w\000i\000n\000d\000\040\000C\000S\000S}{chapter.1}% 12
\BOOKMARK [0][-]{chapter.2}{\376\377\000T\000e\000s\000t\000\040\000c\000a\000s\000e\000\040\000i\000d\000e\000n\000t\000i\000f\000i\000c\000a\000t\000i\000o\000n}{}% 13
\BOOKMARK [1][-]{section.2.1}{\376\377\000H\000i\000g\000h\000-\000l\000e\000v\000e\000l\000\040\000t\000e\000s\000t\000\040\000c\000a\000s\000e\000\040\000d\000e\000s\000i\000g\000n}{chapter.2}% 14
\BOOKMARK [1][-]{section.2.2}{\376\377\000C\000o\000m\000p\000u\000t\000a\000t\000i\000o\000n\000a\000l\000\040\000s\000e\000t\000t\000i\000n\000g\000s}{chapter.2}% 15
\BOOKMARK [0][-]{chapter.3}{\376\377\000Q\000u\000e\000u\000e\000i\000n\000g\000\040\000n\000e\000t\000w\000o\000r\000k\000\040\000m\000o\000d\000e\000l}{}% 16
\BOOKMARK [1][-]{section.3.1}{\376\377\000I\000n\000t\000r\000o\000d\000u\000c\000t\000i\000o\000n}{chapter.3}% 17
\BOOKMARK [1][-]{section.3.2}{\376\377\000T\000r\000a\000f\000f\000i\000c\000\040\000e\000q\000u\000a\000t\000i\000o\000n\000s}{chapter.3}% 18
\BOOKMARK [1][-]{section.3.3}{\376\377\000Q\000u\000e\000u\000e\000i\000n\000g\000\040\000n\000e\000t\000w\000o\000r\000k\000\040\000c\000o\000m\000p\000o\000n\000e\000n\000t\000s}{chapter.3}% 19
\BOOKMARK [2][-]{subsection.3.3.1}{\376\377\000T\000h\000i\000n\000k\000i\000n\000g\000\040\000s\000t\000a\000t\000i\000o\000n}{section.3.3}% 20
\BOOKMARK [2][-]{subsection.3.3.2}{\376\377\000B\000a\000c\000k\000e\000n\000d\000\040\000s\000t\000a\000t\000i\000o\000n}{section.3.3}% 21
\BOOKMARK [2][-]{subsection.3.3.3}{\376\377\000D\000a\000t\000a\000b\000a\000s\000e\000\040\000s\000t\000a\000t\000i\000o\000n}{section.3.3}% 22
\BOOKMARK [0][-]{chapter.4}{\376\377\000Q\000.\000N\000.\000\040\000T\000h\000e\000o\000r\000e\000t\000i\000c\000a\000l\000\040\000a\000n\000a\000l\000y\000s\000i\000s}{}% 23
\BOOKMARK [1][-]{section.4.1}{\376\377\000S\000e\000r\000v\000i\000c\000e\000\040\000t\000i\000m\000e\000s\000\040\000m\000e\000a\000s\000u\000r\000e\000m\000e\000n\000t\000s}{chapter.4}% 24
\BOOKMARK [2][-]{subsection.4.1.1}{\376\377\000O\000v\000e\000r\000v\000i\000e\000w}{section.4.1}% 25
\BOOKMARK [2][-]{subsection.4.1.2}{\376\377\000T\000e\000s\000t\000\040\000q\000u\000e\000r\000y\000\040\000s\000e\000t}{section.4.1}% 26
\BOOKMARK [2][-]{subsection.4.1.3}{\376\377\000R\000E\000S\000T\000f\000u\000l\000\040\000A\000P\000I\000\040\000P\000r\000o\000f\000i\000l\000i\000n\000g}{section.4.1}% 27
\BOOKMARK [2][-]{subsection.4.1.4}{\376\377\000E\000m\000p\000i\000r\000i\000c\000a\000l\000\040\000s\000e\000r\000v\000i\000c\000e\000\040\000t\000i\000m\000e\000s}{section.4.1}% 28
\BOOKMARK [1][-]{section.4.2}{\376\377\000B\000o\000t\000t\000l\000e\000n\000e\000c\000k\000\040\000i\000d\000e\000n\000t\000i\000f\000i\000c\000a\000t\000i\000o\000n}{chapter.4}% 29
\BOOKMARK [1][-]{section.4.3}{\376\377\000A\000s\000y\000m\000p\000t\000o\000t\000i\000c\000\040\000b\000o\000u\000n\000d\000s}{chapter.4}% 30
\BOOKMARK [1][-]{section.4.4}{\376\377\000M\000e\000a\000n\000\040\000V\000a\000l\000u\000e\000\040\000A\000n\000a\000l\000y\000s\000i\000s}{chapter.4}% 31
\BOOKMARK [2][-]{subsection.4.4.1}{\376\377\000J\000M\000V\000A\000\040\000e\000m\000u\000l\000a\000t\000i\000o\000n\000\040\000s\000e\000t\000u\000p}{section.4.4}% 32
\BOOKMARK [2][-]{subsection.4.4.2}{\376\377\000J\000M\000V\000A\000\040\000e\000m\000u\000l\000a\000t\000i\000o\000n\000\040\000r\000e\000s\000u\000l\000t\000s}{section.4.4}% 33
\BOOKMARK [1][-]{section.4.5}{\376\377\000O\000p\000t\000i\000m\000a\000l\000\040\040\023\000\040\000t\000h\000e\000o\000r\000e\000t\000i\000c\000a\000l\000\040\040\023\000\040\000n\000u\000m\000b\000e\000r\000\040\000o\000f\000\040\000u\000s\000e\000r\000s}{chapter.4}% 34
\BOOKMARK [0][-]{chapter.5}{\376\377\000Q\000.\000N\000.\000\040\000E\000m\000p\000i\000r\000i\000c\000a\000l\000\040\000a\000n\000a\000l\000y\000s\000i\000s}{}% 35
\BOOKMARK [1][-]{section.5.1}{\376\377\000J\000M\000e\000t\000e\000r\000\040\040\023\000\040\000l\000o\000a\000d\000\040\000t\000e\000s\000t\000\040\000c\000o\000n\000f\000i\000g\000u\000r\000a\000t\000i\000o\000n}{chapter.5}% 36
\BOOKMARK [1][-]{section.5.2}{\376\377\000L\000o\000a\000d\000\040\000t\000e\000s\000t\000\040\000e\000x\000e\000c\000u\000t\000i\000o\000n}{chapter.5}% 37
\BOOKMARK [2][-]{subsection.5.2.1}{\376\377\000E\000x\000p\000r\000e\000s\000s\000\040\000a\000n\000d\000\040\000M\000o\000n\000g\000o\000D\000B\000\040\000c\000o\000n\000f\000i\000g\000u\000r\000a\000t\000i\000o\000n}{section.5.2}% 38
\BOOKMARK [2][-]{subsection.5.2.2}{\376\377\000A\000u\000t\000o\000m\000a\000t\000e\000d\000\040\000l\000o\000a\000d\000\040\000t\000e\000s\000t\000\040\000s\000t\000a\000r\000t\000u\000p}{section.5.2}% 39
