{"level":30,"time":"2024-06-25T17:15:34.432Z","req":{"id":1,"method":"GET","url":"/search/marriage%20story/"},"apiServiceTime":7,"dbServiceTime":97}
{"level":30,"time":"2024-06-25T17:15:35.462Z","req":{"id":2,"method":"GET","url":"/search/alpha%20dog/"},"apiServiceTime":6,"dbServiceTime":15}
{"level":30,"time":"2024-06-25T17:15:36.479Z","req":{"id":3,"method":"GET","url":"/search/the%20shawshank%20redemption/"},"apiServiceTime":4,"dbServiceTime":10}
{"level":30,"time":"2024-06-25T17:15:37.500Z","req":{"id":4,"method":"GET","url":"/search/%D0%B3%D0%BE%D0%BD%D0%BA%D0%B0/"},"apiServiceTime":2,"dbServiceTime":15}
{"level":30,"time":"2024-06-25T17:15:38.509Z","req":{"id":5,"method":"GET","url":"/search/vagabondul%20milionar/"},"apiServiceTime":4,"dbServiceTime":1}
{"level":30,"time":"2024-06-25T17:15:39.525Z","req":{"id":6,"method":"GET","url":"/search/der%20k%C3%B6nig%20der%20l%C3%B6wen/"},"apiServiceTime":3,"dbServiceTime":10}
{"level":30,"time":"2024-06-25T17:15:40.531Z","req":{"id":7,"method":"GET","url":"/search/biganeha%202/"},"apiServiceTime":2,"dbServiceTime":1}
{"level":30,"time":"2024-06-25T17:15:41.544Z","req":{"id":8,"method":"GET","url":"/search/%D1%81%D1%82%D1%80%D1%96%D0%BB%D0%B0/"},"apiServiceTime":2,"dbServiceTime":8}
{"level":30,"time":"2024-06-25T17:15:42.551Z","req":{"id":9,"method":"GET","url":"/search/avatar%3A%20la%20leyenda%20de%20aang/"},"apiServiceTime":3,"dbServiceTime":1}
{"level":30,"time":"2024-06-25T17:15:43.558Z","req":{"id":10,"method":"GET","url":"/search/%D1%82%D1%83%D1%82%20%D0%BF%D0%B0%D0%BB%D1%8F%D1%82%D1%8C/"},"apiServiceTime":2,"dbServiceTime":1}
{"level":30,"time":"2024-06-25T17:15:44.574Z","req":{"id":11,"method":"GET","url":"/search/american%20horror%20story%3A%20sabat/"},"apiServiceTime":3,"dbServiceTime":8}
{"level":30,"time":"2024-06-25T17:15:45.589Z","req":{"id":12,"method":"GET","url":"/search/operacja%20%27piorun%27/"},"apiServiceTime":3,"dbServiceTime":8}
{"level":30,"time":"2024-06-25T17:15:46.611Z","req":{"id":13,"method":"GET","url":"/search/spider-man%3A%20homecoming/"},"apiServiceTime":2,"dbServiceTime":17}
{"level":30,"time":"2024-06-25T17:15:47.616Z","req":{"id":14,"method":"GET","url":"/search/%D0%B2%20%D1%81%D0%B2%D1%8F%D1%82.../"},"apiServiceTime":1,"dbServiceTime":1}
{"level":30,"time":"2024-06-25T17:15:48.631Z","req":{"id":15,"method":"GET","url":"/search/ristiisa/"},"apiServiceTime":3,"dbServiceTime":9}
{"level":30,"time":"2024-06-25T17:15:49.645Z","req":{"id":16,"method":"GET","url":"/search/el%20d%C3%ADa%20del%20fin%20del%20mundo/"},"apiServiceTime":2,"dbServiceTime":9}
{"level":30,"time":"2024-06-25T17:15:50.667Z","req":{"id":17,"method":"GET","url":"/search/equilibrium/"},"apiServiceTime":3,"dbServiceTime":16}
{"level":30,"time":"2024-06-25T17:15:51.675Z","req":{"id":18,"method":"GET","url":"/search/%C4%8D%C3%ADslo%2023/"},"apiServiceTime":2,"dbServiceTime":2}
{"level":30,"time":"2024-06-25T17:15:52.681Z","req":{"id":19,"method":"GET","url":"/search/%D1%80%D0%B5%D0%BA%D0%B2%D0%B8%D0%B5%D0%BC%20%D0%B7%D0%B0%20%D0%B5%D0%B4%D0%BD%D0%B0%20%D0%BC%D0%B5%D1%87%D1%82%D0%B0/"},"apiServiceTime":2,"dbServiceTime":1}
{"level":30,"time":"2024-06-25T17:15:53.689Z","req":{"id":20,"method":"GET","url":"/search/%E5%86%B0%E8%A1%80%E6%9A%B4/"},"apiServiceTime":2,"dbServiceTime":1}
{"level":30,"time":"2024-06-25T17:15:54.701Z","req":{"id":21,"method":"GET","url":"/search/kampen%20om%20algerie/"},"apiServiceTime":1,"dbServiceTime":8}
{"level":30,"time":"2024-06-25T17:15:55.709Z","req":{"id":22,"method":"GET","url":"/search/%C2%A1c%C3%B3mo%20mola%20tu%20escoba%21/"},"apiServiceTime":2,"dbServiceTime":2}
{"level":30,"time":"2024-06-25T17:15:56.723Z","req":{"id":23,"method":"GET","url":"/search/indiana%20jones%20y%20el%20reino%20de%20la%20calavera%20de%20cristal/"},"apiServiceTime":2,"dbServiceTime":8}
{"level":30,"time":"2024-06-25T17:15:57.741Z","req":{"id":24,"method":"GET","url":"/search/alice%20through%20the%20looking%20glass/"},"apiServiceTime":2,"dbServiceTime":12}
{"level":30,"time":"2024-06-25T17:15:58.757Z","req":{"id":25,"method":"GET","url":"/search/red%20rocket/"},"apiServiceTime":3,"dbServiceTime":9}
{"level":30,"time":"2024-06-25T17:15:59.762Z","req":{"id":26,"method":"GET","url":"/search/um%20quarto%20em%20roma/"},"apiServiceTime":2,"dbServiceTime":0}
{"level":30,"time":"2024-06-25T17:16:00.768Z","req":{"id":27,"method":"GET","url":"/search/zontani%20metadosi/"},"apiServiceTime":2,"dbServiceTime":1}
{"level":30,"time":"2024-06-25T17:16:01.784Z","req":{"id":28,"method":"GET","url":"/search/django%20brez%20okovov/"},"apiServiceTime":4,"dbServiceTime":9}
{"level":30,"time":"2024-06-25T17:16:02.804Z","req":{"id":29,"method":"GET","url":"/search/gran%20torino/"},"apiServiceTime":1,"dbServiceTime":15}
{"level":30,"time":"2024-06-25T17:16:03.811Z","req":{"id":30,"method":"GET","url":"/search/%E6%82%AC%E6%A1%88%E5%AF%86%E7%A0%811%EF%BC%9A%E7%AC%BC%E9%87%8C%E7%9A%84%E5%A5%B3%E4%BA%BA/"},"apiServiceTime":3,"dbServiceTime":1}
{"level":30,"time":"2024-06-25T17:16:04.825Z","req":{"id":31,"method":"GET","url":"/search/sut%C3%A2%20w%C3%B4zu%2Fjedai%20no%20fukushuu%20tokubetsuhen/"},"apiServiceTime":2,"dbServiceTime":8}
{"level":30,"time":"2024-06-25T17:16:05.843Z","req":{"id":32,"method":"GET","url":"/search/beetlejuice/"},"apiServiceTime":1,"dbServiceTime":13}
{"level":30,"time":"2024-06-25T17:16:06.860Z","req":{"id":33,"method":"GET","url":"/search/sherlock%20holmes%20and%20the%20woman%20in%20green/"},"apiServiceTime":3,"dbServiceTime":10}
{"level":30,"time":"2024-06-25T17:16:07.864Z","req":{"id":34,"method":"GET","url":"/search/ace%20ventura%20en%20afrique/"},"apiServiceTime":2,"dbServiceTime":0}
{"level":30,"time":"2024-06-25T17:16:08.874Z","req":{"id":35,"method":"GET","url":"/search/cars%203/"},"apiServiceTime":3,"dbServiceTime":3}
{"level":30,"time":"2024-06-25T17:16:10.046Z","req":{"id":36,"method":"GET","url":"/search/twilight/"},"apiServiceTime":2,"dbServiceTime":166}
{"level":30,"time":"2024-06-25T17:16:11.053Z","req":{"id":37,"method":"GET","url":"/search/love%2C%20simon/"},"apiServiceTime":3,"dbServiceTime":2}
{"level":30,"time":"2024-06-25T17:16:12.069Z","req":{"id":38,"method":"GET","url":"/search/la%20coccinelle%20tout%20%C3%A9quip%C3%A9e/"},"apiServiceTime":4,"dbServiceTime":9}
{"level":30,"time":"2024-06-25T17:16:13.086Z","req":{"id":39,"method":"GET","url":"/search/pulp%20fiction/"},"apiServiceTime":3,"dbServiceTime":11}
{"level":30,"time":"2024-06-25T17:16:14.111Z","req":{"id":40,"method":"GET","url":"/search/el%20infiltrado/"},"apiServiceTime":4,"dbServiceTime":17}
{"level":30,"time":"2024-06-25T17:16:15.125Z","req":{"id":41,"method":"GET","url":"/search/oi%20teleftaies%20imeres%20tis%20pompiias/"},"apiServiceTime":3,"dbServiceTime":8}
{"level":30,"time":"2024-06-25T17:16:16.140Z","req":{"id":42,"method":"GET","url":"/search/krydas%20iii%3A%20legenda%20t%C4%99siasi/"},"apiServiceTime":2,"dbServiceTime":8}
{"level":30,"time":"2024-06-25T17:16:17.146Z","req":{"id":43,"method":"GET","url":"/search/b%C3%AD%20m%E1%BA%ADt%20tr%C3%A1i%20%C4%91%E1%BA%A5t%20di%E1%BB%87t%20vong/"},"apiServiceTime":2,"dbServiceTime":1}
{"level":30,"time":"2024-06-25T17:16:18.158Z","req":{"id":44,"method":"GET","url":"/search/a%20grande%20mentira/"},"apiServiceTime":2,"dbServiceTime":4}
{"level":30,"time":"2024-06-25T17:16:19.180Z","req":{"id":45,"method":"GET","url":"/search/braveheart/"},"apiServiceTime":3,"dbServiceTime":16}
{"level":30,"time":"2024-06-25T17:16:20.193Z","req":{"id":46,"method":"GET","url":"/search/hacsi%2C%20a%20legh%C5%B1s%C3%A9gesebb%20bar%C3%A1t/"},"apiServiceTime":1,"dbServiceTime":8}
{"level":30,"time":"2024-06-25T17:16:21.199Z","req":{"id":47,"method":"GET","url":"/search/%E4%BA%BA%E9%96%93%E6%9C%89%E6%83%85%E5%A4%A9/"},"apiServiceTime":1,"dbServiceTime":1}
{"level":30,"time":"2024-06-25T17:16:22.211Z","req":{"id":48,"method":"GET","url":"/search/sniper%20americano/"},"apiServiceTime":1,"dbServiceTime":8}
{"level":30,"time":"2024-06-25T17:16:23.217Z","req":{"id":49,"method":"GET","url":"/search/uimitorul%20om-paianjen%202/"},"apiServiceTime":2,"dbServiceTime":1}
{"level":30,"time":"2024-06-25T17:16:24.229Z","req":{"id":50,"method":"GET","url":"/search/marsietis/"},"apiServiceTime":1,"dbServiceTime":8}
{"level":30,"time":"2024-06-25T17:16:25.258Z","req":{"id":51,"method":"GET","url":"/search/breaking%20bad/"},"apiServiceTime":2,"dbServiceTime":23}
{"level":30,"time":"2024-06-25T17:16:26.277Z","req":{"id":52,"method":"GET","url":"/search/the%20morning%20show/"},"apiServiceTime":3,"dbServiceTime":13}
{"level":30,"time":"2024-06-25T17:16:27.310Z","req":{"id":53,"method":"GET","url":"/search/now%20you%20see%20me/"},"apiServiceTime":3,"dbServiceTime":28}
{"level":30,"time":"2024-06-25T17:16:28.329Z","req":{"id":54,"method":"GET","url":"/search/a%20quiet%20place/"},"apiServiceTime":2,"dbServiceTime":14}
{"level":30,"time":"2024-06-25T17:16:29.334Z","req":{"id":55,"method":"GET","url":"/search/total%20recall%20%3A%20m%C3%A9moires%20programm%C3%A9es/"},"apiServiceTime":2,"dbServiceTime":0}
{"level":30,"time":"2024-06-25T17:16:30.348Z","req":{"id":56,"method":"GET","url":"/search/marvel%20avengers%20assemble/"},"apiServiceTime":3,"dbServiceTime":8}
{"level":30,"time":"2024-06-25T17:16:31.354Z","req":{"id":57,"method":"GET","url":"/search/%E7%B4%85%E9%9B%80%E7%89%B9%E5%B7%A5/"},"apiServiceTime":2,"dbServiceTime":1}
{"level":30,"time":"2024-06-25T17:16:32.360Z","req":{"id":58,"method":"GET","url":"/search/tri%E1%BB%87u%20ph%C3%BA%20%E1%BB%95%20chu%E1%BB%99t/"},"apiServiceTime":2,"dbServiceTime":1}
{"level":30,"time":"2024-06-25T17:16:33.415Z","req":{"id":59,"method":"GET","url":"/search/mortal%20kombat/"},"apiServiceTime":2,"dbServiceTime":50}
{"level":30,"time":"2024-06-25T17:16:34.429Z","req":{"id":60,"method":"GET","url":"/search/safe%20-%20o%20intoc%C3%A1vel/"},"apiServiceTime":2,"dbServiceTime":8}
{"level":30,"time":"2024-06-25T17:16:35.458Z","req":{"id":61,"method":"GET","url":"/search/catch%20me%20if%20you%20can/"},"apiServiceTime":2,"dbServiceTime":24}
{"level":30,"time":"2024-06-25T17:16:36.479Z","req":{"id":62,"method":"GET","url":"/search/hellboy/"},"apiServiceTime":2,"dbServiceTime":16}
{"level":30,"time":"2024-06-25T17:16:37.493Z","req":{"id":63,"method":"GET","url":"/search/muerte%20en%20un%20funeral/"},"apiServiceTime":1,"dbServiceTime":9}
{"level":30,"time":"2024-06-25T17:16:38.498Z","req":{"id":64,"method":"GET","url":"/search/hellboy%20-%20kangelane%20p%C3%B5rgust/"},"apiServiceTime":2,"dbServiceTime":0}
{"level":30,"time":"2024-06-25T17:16:39.552Z","req":{"id":65,"method":"GET","url":"/search/joker/"},"apiServiceTime":3,"dbServiceTime":48}
{"level":30,"time":"2024-06-25T17:16:40.634Z","req":{"id":66,"method":"GET","url":"/search/chef/"},"apiServiceTime":1,"dbServiceTime":78}
{"level":30,"time":"2024-06-25T17:16:41.642Z","req":{"id":67,"method":"GET","url":"/search/agentes%20del%20desorden/"},"apiServiceTime":2,"dbServiceTime":1}
{"level":30,"time":"2024-06-25T17:16:42.744Z","req":{"id":68,"method":"GET","url":"/search/rio/"},"apiServiceTime":3,"dbServiceTime":96}
{"level":30,"time":"2024-06-25T17:16:43.749Z","req":{"id":69,"method":"GET","url":"/search/%E6%A8%AA%E5%86%B2%E7%9B%B4%E6%92%9E%E4%B8%A4%E4%BA%B2%E5%AE%B6/"},"apiServiceTime":2,"dbServiceTime":1}
{"level":30,"time":"2024-06-25T17:16:44.761Z","req":{"id":70,"method":"GET","url":"/search/pacto%20criminal/"},"apiServiceTime":2,"dbServiceTime":8}
{"level":30,"time":"2024-06-25T17:16:45.780Z","req":{"id":71,"method":"GET","url":"/search/elegia/"},"apiServiceTime":1,"dbServiceTime":14}
{"level":30,"time":"2024-06-25T17:16:46.785Z","req":{"id":72,"method":"GET","url":"/search/th%E1%BA%A7n%20s%E1%BA%A5m%20thor/"},"apiServiceTime":2,"dbServiceTime":0}
{"level":30,"time":"2024-06-25T17:16:47.800Z","req":{"id":73,"method":"GET","url":"/search/captain%20america%3A%20the%20winter%20soldier/"},"apiServiceTime":2,"dbServiceTime":10}
{"level":30,"time":"2024-06-25T17:16:48.818Z","req":{"id":74,"method":"GET","url":"/search/the%20omen/"},"apiServiceTime":2,"dbServiceTime":13}
{"level":30,"time":"2024-06-25T17:16:49.832Z","req":{"id":75,"method":"GET","url":"/search/wedding%20crashers/"},"apiServiceTime":1,"dbServiceTime":10}
{"level":30,"time":"2024-06-25T17:16:50.845Z","req":{"id":76,"method":"GET","url":"/search/la%20tro%C5%A1kinys/"},"apiServiceTime":2,"dbServiceTime":8}
{"level":30,"time":"2024-06-25T17:16:51.860Z","req":{"id":77,"method":"GET","url":"/search/palma%20real/"},"apiServiceTime":3,"dbServiceTime":8}
{"level":30,"time":"2024-06-25T17:16:52.865Z","req":{"id":78,"method":"GET","url":"/search/quyonyurak%20jojo/"},"apiServiceTime":2,"dbServiceTime":0}
{"level":30,"time":"2024-06-25T17:16:53.870Z","req":{"id":79,"method":"GET","url":"/search/un%20crim%20perfecte/"},"apiServiceTime":3,"dbServiceTime":0}
{"level":30,"time":"2024-06-25T17:16:54.884Z","req":{"id":80,"method":"GET","url":"/search/the%20cider%20house%20rules/"},"apiServiceTime":3,"dbServiceTime":9}
{"level":30,"time":"2024-06-25T17:16:55.898Z","req":{"id":81,"method":"GET","url":"/search/kyle%20xy/"},"apiServiceTime":3,"dbServiceTime":8}
{"level":30,"time":"2024-06-25T17:16:56.903Z","req":{"id":82,"method":"GET","url":"/search/%D0%BA%D1%80%D0%B5%D0%BC%D0%BD%D0%B8%D0%B5%D0%B2%D0%B0%D1%8F%20%D0%B4%D0%BE%D0%BB%D0%B8%D0%BD%D0%B0/"},"apiServiceTime":2,"dbServiceTime":1}
{"level":30,"time":"2024-06-25T17:16:57.912Z","req":{"id":83,"method":"GET","url":"/search/%D0%BA%D0%B0%D0%B2%D0%B0%D0%BB%D0%B5%D1%80%D1%96%D1%8F/"},"apiServiceTime":3,"dbServiceTime":2}
{"level":30,"time":"2024-06-25T17:16:58.975Z","req":{"id":84,"method":"GET","url":"/search/godzilla/"},"apiServiceTime":3,"dbServiceTime":56}
{"level":30,"time":"2024-06-25T17:16:59.988Z","req":{"id":85,"method":"GET","url":"/search/green%20book/"},"apiServiceTime":3,"dbServiceTime":8}
{"level":30,"time":"2024-06-25T17:17:01.103Z","req":{"id":86,"method":"GET","url":"/search/dave/"},"apiServiceTime":4,"dbServiceTime":109}
{"level":30,"time":"2024-06-25T17:17:02.118Z","req":{"id":87,"method":"GET","url":"/search/incredibles%202/"},"apiServiceTime":2,"dbServiceTime":10}
{"level":30,"time":"2024-06-25T17:17:03.128Z","req":{"id":88,"method":"GET","url":"/search/la%20familia%20monster/"},"apiServiceTime":2,"dbServiceTime":4}
{"level":30,"time":"2024-06-25T17:17:04.145Z","req":{"id":89,"method":"GET","url":"/search/accepted/"},"apiServiceTime":1,"dbServiceTime":11}
{"level":30,"time":"2024-06-25T17:17:05.160Z","req":{"id":90,"method":"GET","url":"/search/in%20the%20mood%20for%20love/"},"apiServiceTime":2,"dbServiceTime":10}
{"level":30,"time":"2024-06-25T17:17:06.166Z","req":{"id":91,"method":"GET","url":"/search/non%2C%20ce%20pays%20n%27est%20pas%20pour%20le%20vieil%20homme/"},"apiServiceTime":2,"dbServiceTime":1}
{"level":30,"time":"2024-06-25T17:17:07.181Z","req":{"id":92,"method":"GET","url":"/search/jag%20heter%20joe/"},"apiServiceTime":1,"dbServiceTime":9}
{"level":30,"time":"2024-06-25T17:17:08.186Z","req":{"id":93,"method":"GET","url":"/search/%CF%86%CE%B9%CE%BB%CE%B5%CE%BD%CE%AC%CE%B4%CE%B5%CF%82/"},"apiServiceTime":2,"dbServiceTime":0}
{"level":30,"time":"2024-06-25T17:17:09.214Z","req":{"id":94,"method":"GET","url":"/search/desperado/"},"apiServiceTime":2,"dbServiceTime":23}
{"level":30,"time":"2024-06-25T17:17:10.228Z","req":{"id":95,"method":"GET","url":"/search/temple%20de%20acero/"},"apiServiceTime":2,"dbServiceTime":8}
{"level":30,"time":"2024-06-25T17:17:11.244Z","req":{"id":96,"method":"GET","url":"/search/mom%2C%20i%20missed%20the%20plane/"},"apiServiceTime":2,"dbServiceTime":9}
{"level":30,"time":"2024-06-25T17:17:12.286Z","req":{"id":97,"method":"GET","url":"/search/europa/"},"apiServiceTime":2,"dbServiceTime":37}
{"level":30,"time":"2024-06-25T17:17:13.301Z","req":{"id":98,"method":"GET","url":"/search/chevalier/"},"apiServiceTime":2,"dbServiceTime":11}
{"level":30,"time":"2024-06-25T17:17:14.307Z","req":{"id":99,"method":"GET","url":"/search/vykoupen%C3%AD%20z%20v%C4%9Bznice%20shawshank/"},"apiServiceTime":2,"dbServiceTime":0}
{"level":30,"time":"2024-06-25T17:17:15.321Z","req":{"id":100,"method":"GET","url":"/search/aliados/"},"apiServiceTime":2,"dbServiceTime":9}
