{"level":30,"time":"2024-06-25T16:56:04.236Z","req":{"id":1,"method":"GET","url":"/search/marriage%20story/"},"apiServiceTime":7,"dbServiceTime":21}
{"level":30,"time":"2024-06-25T16:56:05.257Z","req":{"id":2,"method":"GET","url":"/search/alpha%20dog/"},"apiServiceTime":2,"dbServiceTime":13}
{"level":30,"time":"2024-06-25T16:56:06.276Z","req":{"id":3,"method":"GET","url":"/search/the%20shawshank%20redemption/"},"apiServiceTime":3,"dbServiceTime":12}
{"level":30,"time":"2024-06-25T16:56:07.305Z","req":{"id":4,"method":"GET","url":"/search/%D0%B3%D0%BE%D0%BD%D0%BA%D0%B0/"},"apiServiceTime":3,"dbServiceTime":22}
{"level":30,"time":"2024-06-25T16:56:08.319Z","req":{"id":5,"method":"GET","url":"/search/vagabondul%20milionar/"},"apiServiceTime":3,"dbServiceTime":8}
{"level":30,"time":"2024-06-25T16:56:09.337Z","req":{"id":6,"method":"GET","url":"/search/der%20k%C3%B6nig%20der%20l%C3%B6wen/"},"apiServiceTime":3,"dbServiceTime":12}
{"level":30,"time":"2024-06-25T16:56:10.351Z","req":{"id":7,"method":"GET","url":"/search/biganeha%202/"},"apiServiceTime":2,"dbServiceTime":8}
{"level":30,"time":"2024-06-25T16:56:11.365Z","req":{"id":8,"method":"GET","url":"/search/%D1%81%D1%82%D1%80%D1%96%D0%BB%D0%B0/"},"apiServiceTime":2,"dbServiceTime":9}
{"level":30,"time":"2024-06-25T16:56:12.380Z","req":{"id":9,"method":"GET","url":"/search/avatar%3A%20la%20leyenda%20de%20aang/"},"apiServiceTime":3,"dbServiceTime":9}
{"level":30,"time":"2024-06-25T16:56:13.394Z","req":{"id":10,"method":"GET","url":"/search/%D1%82%D1%83%D1%82%20%D0%BF%D0%B0%D0%BB%D1%8F%D1%82%D1%8C/"},"apiServiceTime":3,"dbServiceTime":8}
{"level":30,"time":"2024-06-25T16:56:14.408Z","req":{"id":11,"method":"GET","url":"/search/american%20horror%20story%3A%20sabat/"},"apiServiceTime":3,"dbServiceTime":8}
{"level":30,"time":"2024-06-25T16:56:15.422Z","req":{"id":12,"method":"GET","url":"/search/operacja%20%27piorun%27/"},"apiServiceTime":3,"dbServiceTime":9}
{"level":30,"time":"2024-06-25T16:56:16.442Z","req":{"id":13,"method":"GET","url":"/search/spider-man%3A%20homecoming/"},"apiServiceTime":2,"dbServiceTime":15}
{"level":30,"time":"2024-06-25T16:56:17.457Z","req":{"id":14,"method":"GET","url":"/search/%D0%B2%20%D1%81%D0%B2%D1%8F%D1%82.../"},"apiServiceTime":3,"dbServiceTime":9}
{"level":30,"time":"2024-06-25T16:56:18.470Z","req":{"id":15,"method":"GET","url":"/search/ristiisa/"},"apiServiceTime":2,"dbServiceTime":9}
{"level":30,"time":"2024-06-25T16:56:19.484Z","req":{"id":16,"method":"GET","url":"/search/el%20d%C3%ADa%20del%20fin%20del%20mundo/"},"apiServiceTime":1,"dbServiceTime":10}
{"level":30,"time":"2024-06-25T16:56:20.503Z","req":{"id":17,"method":"GET","url":"/search/equilibrium/"},"apiServiceTime":2,"dbServiceTime":13}
{"level":30,"time":"2024-06-25T16:56:21.513Z","req":{"id":18,"method":"GET","url":"/search/%C4%8D%C3%ADslo%2023/"},"apiServiceTime":3,"dbServiceTime":3}
{"level":30,"time":"2024-06-25T16:56:22.528Z","req":{"id":19,"method":"GET","url":"/search/%D1%80%D0%B5%D0%BA%D0%B2%D0%B8%D0%B5%D0%BC%20%D0%B7%D0%B0%20%D0%B5%D0%B4%D0%BD%D0%B0%20%D0%BC%D0%B5%D1%87%D1%82%D0%B0/"},"apiServiceTime":3,"dbServiceTime":9}
{"level":30,"time":"2024-06-25T16:56:23.536Z","req":{"id":20,"method":"GET","url":"/search/%E5%86%B0%E8%A1%80%E6%9A%B4/"},"apiServiceTime":3,"dbServiceTime":2}
{"level":30,"time":"2024-06-25T16:56:24.544Z","req":{"id":21,"method":"GET","url":"/search/kampen%20om%20algerie/"},"apiServiceTime":4,"dbServiceTime":2}
{"level":30,"time":"2024-06-25T16:56:25.551Z","req":{"id":22,"method":"GET","url":"/search/%C2%A1c%C3%B3mo%20mola%20tu%20escoba%21/"},"apiServiceTime":2,"dbServiceTime":1}
{"level":30,"time":"2024-06-25T16:56:26.558Z","req":{"id":23,"method":"GET","url":"/search/indiana%20jones%20y%20el%20reino%20de%20la%20calavera%20de%20cristal/"},"apiServiceTime":2,"dbServiceTime":1}
{"level":30,"time":"2024-06-25T16:56:27.570Z","req":{"id":24,"method":"GET","url":"/search/alice%20through%20the%20looking%20glass/"},"apiServiceTime":2,"dbServiceTime":6}
{"level":30,"time":"2024-06-25T16:56:28.586Z","req":{"id":25,"method":"GET","url":"/search/red%20rocket/"},"apiServiceTime":3,"dbServiceTime":10}
{"level":30,"time":"2024-06-25T16:56:29.594Z","req":{"id":26,"method":"GET","url":"/search/um%20quarto%20em%20roma/"},"apiServiceTime":2,"dbServiceTime":2}
{"level":30,"time":"2024-06-25T16:56:30.602Z","req":{"id":27,"method":"GET","url":"/search/zontani%20metadosi/"},"apiServiceTime":2,"dbServiceTime":2}
{"level":30,"time":"2024-06-25T16:56:31.610Z","req":{"id":28,"method":"GET","url":"/search/django%20brez%20okovov/"},"apiServiceTime":2,"dbServiceTime":2}
{"level":30,"time":"2024-06-25T16:56:32.624Z","req":{"id":29,"method":"GET","url":"/search/gran%20torino/"},"apiServiceTime":3,"dbServiceTime":7}
{"level":30,"time":"2024-06-25T16:56:33.632Z","req":{"id":30,"method":"GET","url":"/search/%E6%82%AC%E6%A1%88%E5%AF%86%E7%A0%811%EF%BC%9A%E7%AC%BC%E9%87%8C%E7%9A%84%E5%A5%B3%E4%BA%BA/"},"apiServiceTime":4,"dbServiceTime":2}
{"level":30,"time":"2024-06-25T16:56:34.643Z","req":{"id":31,"method":"GET","url":"/search/sut%C3%A2%20w%C3%B4zu%2Fjedai%20no%20fukushuu%20tokubetsuhen/"},"apiServiceTime":3,"dbServiceTime":3}
{"level":30,"time":"2024-06-25T16:56:35.671Z","req":{"id":32,"method":"GET","url":"/search/beetlejuice/"},"apiServiceTime":4,"dbServiceTime":20}
{"level":30,"time":"2024-06-25T16:56:36.683Z","req":{"id":33,"method":"GET","url":"/search/sherlock%20holmes%20and%20the%20woman%20in%20green/"},"apiServiceTime":3,"dbServiceTime":4}
{"level":30,"time":"2024-06-25T16:56:37.691Z","req":{"id":34,"method":"GET","url":"/search/ace%20ventura%20en%20afrique/"},"apiServiceTime":2,"dbServiceTime":2}
{"level":30,"time":"2024-06-25T16:56:38.705Z","req":{"id":35,"method":"GET","url":"/search/cars%203/"},"apiServiceTime":4,"dbServiceTime":6}
{"level":30,"time":"2024-06-25T16:56:39.840Z","req":{"id":36,"method":"GET","url":"/search/twilight/"},"apiServiceTime":4,"dbServiceTime":129}
{"level":30,"time":"2024-06-25T16:56:40.857Z","req":{"id":37,"method":"GET","url":"/search/love%2C%20simon/"},"apiServiceTime":4,"dbServiceTime":11}
{"level":30,"time":"2024-06-25T16:56:41.872Z","req":{"id":38,"method":"GET","url":"/search/la%20coccinelle%20tout%20%C3%A9quip%C3%A9e/"},"apiServiceTime":3,"dbServiceTime":9}
{"level":30,"time":"2024-06-25T16:56:42.881Z","req":{"id":39,"method":"GET","url":"/search/pulp%20fiction/"},"apiServiceTime":2,"dbServiceTime":4}
{"level":30,"time":"2024-06-25T16:56:43.902Z","req":{"id":40,"method":"GET","url":"/search/el%20infiltrado/"},"apiServiceTime":1,"dbServiceTime":16}
{"level":30,"time":"2024-06-25T16:56:44.915Z","req":{"id":41,"method":"GET","url":"/search/oi%20teleftaies%20imeres%20tis%20pompiias/"},"apiServiceTime":2,"dbServiceTime":8}
{"level":30,"time":"2024-06-25T16:56:45.921Z","req":{"id":42,"method":"GET","url":"/search/krydas%20iii%3A%20legenda%20t%C4%99siasi/"},"apiServiceTime":2,"dbServiceTime":1}
{"level":30,"time":"2024-06-25T16:56:46.934Z","req":{"id":43,"method":"GET","url":"/search/b%C3%AD%20m%E1%BA%ADt%20tr%C3%A1i%20%C4%91%E1%BA%A5t%20di%E1%BB%87t%20vong/"},"apiServiceTime":1,"dbServiceTime":8}
{"level":30,"time":"2024-06-25T16:56:47.949Z","req":{"id":44,"method":"GET","url":"/search/a%20grande%20mentira/"},"apiServiceTime":2,"dbServiceTime":10}
{"level":30,"time":"2024-06-25T16:56:48.968Z","req":{"id":45,"method":"GET","url":"/search/braveheart/"},"apiServiceTime":1,"dbServiceTime":14}
{"level":30,"time":"2024-06-25T16:56:49.981Z","req":{"id":46,"method":"GET","url":"/search/hacsi%2C%20a%20legh%C5%B1s%C3%A9gesebb%20bar%C3%A1t/"},"apiServiceTime":2,"dbServiceTime":8}
{"level":30,"time":"2024-06-25T16:56:50.994Z","req":{"id":47,"method":"GET","url":"/search/%E4%BA%BA%E9%96%93%E6%9C%89%E6%83%85%E5%A4%A9/"},"apiServiceTime":2,"dbServiceTime":9}
{"level":30,"time":"2024-06-25T16:56:52.010Z","req":{"id":48,"method":"GET","url":"/search/sniper%20americano/"},"apiServiceTime":3,"dbServiceTime":10}
{"level":30,"time":"2024-06-25T16:56:53.018Z","req":{"id":49,"method":"GET","url":"/search/uimitorul%20om-paianjen%202/"},"apiServiceTime":2,"dbServiceTime":2}
{"level":30,"time":"2024-06-25T16:56:54.030Z","req":{"id":50,"method":"GET","url":"/search/marsietis/"},"apiServiceTime":2,"dbServiceTime":8}
{"level":30,"time":"2024-06-25T16:56:55.061Z","req":{"id":51,"method":"GET","url":"/search/breaking%20bad/"},"apiServiceTime":2,"dbServiceTime":25}
{"level":30,"time":"2024-06-25T16:56:56.081Z","req":{"id":52,"method":"GET","url":"/search/the%20morning%20show/"},"apiServiceTime":3,"dbServiceTime":14}
{"level":30,"time":"2024-06-25T16:56:57.115Z","req":{"id":53,"method":"GET","url":"/search/now%20you%20see%20me/"},"apiServiceTime":2,"dbServiceTime":28}
{"level":30,"time":"2024-06-25T16:56:58.135Z","req":{"id":54,"method":"GET","url":"/search/a%20quiet%20place/"},"apiServiceTime":2,"dbServiceTime":15}
{"level":30,"time":"2024-06-25T16:56:59.148Z","req":{"id":55,"method":"GET","url":"/search/total%20recall%20%3A%20m%C3%A9moires%20programm%C3%A9es/"},"apiServiceTime":2,"dbServiceTime":8}
{"level":30,"time":"2024-06-25T16:57:00.154Z","req":{"id":56,"method":"GET","url":"/search/marvel%20avengers%20assemble/"},"apiServiceTime":2,"dbServiceTime":1}
{"level":30,"time":"2024-06-25T16:57:01.161Z","req":{"id":57,"method":"GET","url":"/search/%E7%B4%85%E9%9B%80%E7%89%B9%E5%B7%A5/"},"apiServiceTime":2,"dbServiceTime":2}
{"level":30,"time":"2024-06-25T16:57:02.175Z","req":{"id":58,"method":"GET","url":"/search/tri%E1%BB%87u%20ph%C3%BA%20%E1%BB%95%20chu%E1%BB%99t/"},"apiServiceTime":3,"dbServiceTime":8}
{"level":30,"time":"2024-06-25T16:57:03.244Z","req":{"id":59,"method":"GET","url":"/search/mortal%20kombat/"},"apiServiceTime":3,"dbServiceTime":64}
{"level":30,"time":"2024-06-25T16:57:04.251Z","req":{"id":60,"method":"GET","url":"/search/safe%20-%20o%20intoc%C3%A1vel/"},"apiServiceTime":2,"dbServiceTime":1}
{"level":30,"time":"2024-06-25T16:57:05.286Z","req":{"id":61,"method":"GET","url":"/search/catch%20me%20if%20you%20can/"},"apiServiceTime":4,"dbServiceTime":29}
{"level":30,"time":"2024-06-25T16:57:06.312Z","req":{"id":62,"method":"GET","url":"/search/hellboy/"},"apiServiceTime":1,"dbServiceTime":20}
{"level":30,"time":"2024-06-25T16:57:07.325Z","req":{"id":63,"method":"GET","url":"/search/muerte%20en%20un%20funeral/"},"apiServiceTime":2,"dbServiceTime":8}
{"level":30,"time":"2024-06-25T16:57:08.331Z","req":{"id":64,"method":"GET","url":"/search/hellboy%20-%20kangelane%20p%C3%B5rgust/"},"apiServiceTime":2,"dbServiceTime":1}
{"level":30,"time":"2024-06-25T16:57:09.397Z","req":{"id":65,"method":"GET","url":"/search/joker/"},"apiServiceTime":3,"dbServiceTime":60}
{"level":30,"time":"2024-06-25T16:57:10.487Z","req":{"id":66,"method":"GET","url":"/search/chef/"},"apiServiceTime":1,"dbServiceTime":86}
{"level":30,"time":"2024-06-25T16:57:11.500Z","req":{"id":67,"method":"GET","url":"/search/agentes%20del%20desorden/"},"apiServiceTime":2,"dbServiceTime":8}
{"level":30,"time":"2024-06-25T16:57:12.644Z","req":{"id":68,"method":"GET","url":"/search/rio/"},"apiServiceTime":2,"dbServiceTime":137}
{"level":30,"time":"2024-06-25T16:57:13.660Z","req":{"id":69,"method":"GET","url":"/search/%E6%A8%AA%E5%86%B2%E7%9B%B4%E6%92%9E%E4%B8%A4%E4%BA%B2%E5%AE%B6/"},"apiServiceTime":2,"dbServiceTime":9}
{"level":30,"time":"2024-06-25T16:57:14.672Z","req":{"id":70,"method":"GET","url":"/search/pacto%20criminal/"},"apiServiceTime":2,"dbServiceTime":8}
{"level":30,"time":"2024-06-25T16:57:15.696Z","req":{"id":71,"method":"GET","url":"/search/elegia/"},"apiServiceTime":3,"dbServiceTime":18}
{"level":30,"time":"2024-06-25T16:57:16.709Z","req":{"id":72,"method":"GET","url":"/search/th%E1%BA%A7n%20s%E1%BA%A5m%20thor/"},"apiServiceTime":2,"dbServiceTime":8}
{"level":30,"time":"2024-06-25T16:57:17.725Z","req":{"id":73,"method":"GET","url":"/search/captain%20america%3A%20the%20winter%20soldier/"},"apiServiceTime":2,"dbServiceTime":11}
{"level":30,"time":"2024-06-25T16:57:18.749Z","req":{"id":74,"method":"GET","url":"/search/the%20omen/"},"apiServiceTime":2,"dbServiceTime":19}
{"level":30,"time":"2024-06-25T16:57:19.768Z","req":{"id":75,"method":"GET","url":"/search/wedding%20crashers/"},"apiServiceTime":2,"dbServiceTime":14}
{"level":30,"time":"2024-06-25T16:57:20.781Z","req":{"id":76,"method":"GET","url":"/search/la%20tro%C5%A1kinys/"},"apiServiceTime":2,"dbServiceTime":8}
{"level":30,"time":"2024-06-25T16:57:21.795Z","req":{"id":77,"method":"GET","url":"/search/palma%20real/"},"apiServiceTime":3,"dbServiceTime":8}
{"level":30,"time":"2024-06-25T16:57:22.807Z","req":{"id":78,"method":"GET","url":"/search/quyonyurak%20jojo/"},"apiServiceTime":1,"dbServiceTime":8}
{"level":30,"time":"2024-06-25T16:57:23.821Z","req":{"id":79,"method":"GET","url":"/search/un%20crim%20perfecte/"},"apiServiceTime":2,"dbServiceTime":8}
{"level":30,"time":"2024-06-25T16:57:24.836Z","req":{"id":80,"method":"GET","url":"/search/the%20cider%20house%20rules/"},"apiServiceTime":1,"dbServiceTime":10}
{"level":30,"time":"2024-06-25T16:57:25.849Z","req":{"id":81,"method":"GET","url":"/search/kyle%20xy/"},"apiServiceTime":1,"dbServiceTime":8}
{"level":30,"time":"2024-06-25T16:57:26.863Z","req":{"id":82,"method":"GET","url":"/search/%D0%BA%D1%80%D0%B5%D0%BC%D0%BD%D0%B8%D0%B5%D0%B2%D0%B0%D1%8F%20%D0%B4%D0%BE%D0%BB%D0%B8%D0%BD%D0%B0/"},"apiServiceTime":1,"dbServiceTime":9}
{"level":30,"time":"2024-06-25T16:57:27.877Z","req":{"id":83,"method":"GET","url":"/search/%D0%BA%D0%B0%D0%B2%D0%B0%D0%BB%D0%B5%D1%80%D1%96%D1%8F/"},"apiServiceTime":3,"dbServiceTime":8}
{"level":30,"time":"2024-06-25T16:57:28.950Z","req":{"id":84,"method":"GET","url":"/search/godzilla/"},"apiServiceTime":3,"dbServiceTime":68}
{"level":30,"time":"2024-06-25T16:57:29.966Z","req":{"id":85,"method":"GET","url":"/search/green%20book/"},"apiServiceTime":1,"dbServiceTime":11}
{"level":30,"time":"2024-06-25T16:57:31.115Z","req":{"id":86,"method":"GET","url":"/search/dave/"},"apiServiceTime":2,"dbServiceTime":144}
{"level":30,"time":"2024-06-25T16:57:32.123Z","req":{"id":87,"method":"GET","url":"/search/incredibles%202/"},"apiServiceTime":3,"dbServiceTime":2}
{"level":30,"time":"2024-06-25T16:57:33.138Z","req":{"id":88,"method":"GET","url":"/search/la%20familia%20monster/"},"apiServiceTime":1,"dbServiceTime":11}
{"level":30,"time":"2024-06-25T16:57:34.153Z","req":{"id":89,"method":"GET","url":"/search/accepted/"},"apiServiceTime":2,"dbServiceTime":10}
{"level":30,"time":"2024-06-25T16:57:35.167Z","req":{"id":90,"method":"GET","url":"/search/in%20the%20mood%20for%20love/"},"apiServiceTime":2,"dbServiceTime":9}
{"level":30,"time":"2024-06-25T16:57:36.180Z","req":{"id":91,"method":"GET","url":"/search/non%2C%20ce%20pays%20n%27est%20pas%20pour%20le%20vieil%20homme/"},"apiServiceTime":2,"dbServiceTime":8}
{"level":30,"time":"2024-06-25T16:57:37.193Z","req":{"id":92,"method":"GET","url":"/search/jag%20heter%20joe/"},"apiServiceTime":2,"dbServiceTime":8}
{"level":30,"time":"2024-06-25T16:57:38.206Z","req":{"id":93,"method":"GET","url":"/search/%CF%86%CE%B9%CE%BB%CE%B5%CE%BD%CE%AC%CE%B4%CE%B5%CF%82/"},"apiServiceTime":2,"dbServiceTime":8}
{"level":30,"time":"2024-06-25T16:57:39.240Z","req":{"id":94,"method":"GET","url":"/search/desperado/"},"apiServiceTime":2,"dbServiceTime":29}
{"level":30,"time":"2024-06-25T16:57:40.254Z","req":{"id":95,"method":"GET","url":"/search/temple%20de%20acero/"},"apiServiceTime":2,"dbServiceTime":9}
{"level":30,"time":"2024-06-25T16:57:41.267Z","req":{"id":96,"method":"GET","url":"/search/mom%2C%20i%20missed%20the%20plane/"},"apiServiceTime":2,"dbServiceTime":8}
{"level":30,"time":"2024-06-25T16:57:42.310Z","req":{"id":97,"method":"GET","url":"/search/europa/"},"apiServiceTime":3,"dbServiceTime":37}
{"level":30,"time":"2024-06-25T16:57:43.321Z","req":{"id":98,"method":"GET","url":"/search/chevalier/"},"apiServiceTime":2,"dbServiceTime":6}
{"level":30,"time":"2024-06-25T16:57:44.327Z","req":{"id":99,"method":"GET","url":"/search/vykoupen%C3%AD%20z%20v%C4%9Bznice%20shawshank/"},"apiServiceTime":2,"dbServiceTime":1}
{"level":30,"time":"2024-06-25T16:57:45.334Z","req":{"id":100,"method":"GET","url":"/search/aliados/"},"apiServiceTime":2,"dbServiceTime":2}
