{"level":30,"time":"2024-06-24T19:05:11.568Z","req":{"id":149,"method":"GET","url":"/search/preview/marriage+story"},"apiRuntime1":0,"dbRuntime":0,"apiRuntime2":2}
{"level":30,"time":"2024-06-24T19:05:12.574Z","req":{"id":150,"method":"GET","url":"/search/preview/alpha+dog"},"apiRuntime1":1,"dbRuntime":1,"apiRuntime2":1}
{"level":30,"time":"2024-06-24T19:05:13.768Z","req":{"id":151,"method":"GET","url":"/search/preview/the+shawshank+redemption"},"apiRuntime1":0,"dbRuntime":191,"apiRuntime2":1}
{"level":30,"time":"2024-06-24T19:05:14.771Z","req":{"id":152,"method":"GET","url":"/search/preview/%D0%B3%D0%BE%D0%BD%D0%BA%D0%B0"},"apiRuntime1":0,"dbRuntime":0,"apiRuntime2":2}
{"level":30,"time":"2024-06-24T19:05:15.774Z","req":{"id":153,"method":"GET","url":"/search/preview/vagabondul+milionar"},"apiRuntime1":0,"dbRuntime":0,"apiRuntime2":2}
{"level":30,"time":"2024-06-24T19:05:16.784Z","req":{"id":154,"method":"GET","url":"/search/preview/der+k%C3%B6nig+der+l%C3%B6wen"},"apiRuntime1":0,"dbRuntime":8,"apiRuntime2":1}
{"level":30,"time":"2024-06-24T19:05:17.786Z","req":{"id":155,"method":"GET","url":"/search/preview/biganeha+2"},"apiRuntime1":0,"dbRuntime":0,"apiRuntime2":1}
{"level":30,"time":"2024-06-24T19:05:18.789Z","req":{"id":156,"method":"GET","url":"/search/preview/%D1%81%D1%82%D1%80%D1%96%D0%BB%D0%B0"},"apiRuntime1":0,"dbRuntime":0,"apiRuntime2":1}
{"level":30,"time":"2024-06-24T19:05:19.792Z","req":{"id":157,"method":"GET","url":"/search/preview/avatar%3A+la+leyenda+de+aang"},"apiRuntime1":0,"dbRuntime":0,"apiRuntime2":2}
{"level":30,"time":"2024-06-24T19:05:20.794Z","req":{"id":158,"method":"GET","url":"/search/preview/%D1%82%D1%83%D1%82+%D0%BF%D0%B0%D0%BB%D1%8F%D1%82%D1%8C"},"apiRuntime1":0,"dbRuntime":0,"apiRuntime2":1}
{"level":30,"time":"2024-06-24T19:05:21.799Z","req":{"id":159,"method":"GET","url":"/search/preview/american+horror+story%3A+sabat"},"apiRuntime1":0,"dbRuntime":2,"apiRuntime2":2}
{"level":30,"time":"2024-06-24T19:05:22.802Z","req":{"id":160,"method":"GET","url":"/search/preview/operacja+%27piorun%27"},"apiRuntime1":0,"dbRuntime":0,"apiRuntime2":2}
{"level":30,"time":"2024-06-24T19:05:23.805Z","req":{"id":161,"method":"GET","url":"/search/preview/spider-man%3A+homecoming"},"apiRuntime1":0,"dbRuntime":0,"apiRuntime2":2}
{"level":30,"time":"2024-06-24T19:05:24.813Z","req":{"id":162,"method":"GET","url":"/search/preview/%D0%B2+%D1%81%D0%B2%D1%8F%D1%82..."},"apiRuntime1":0,"dbRuntime":5,"apiRuntime2":2}
{"level":30,"time":"2024-06-24T19:05:25.816Z","req":{"id":163,"method":"GET","url":"/search/preview/ristiisa"},"apiRuntime1":0,"dbRuntime":0,"apiRuntime2":1}
{"level":30,"time":"2024-06-24T19:05:26.839Z","req":{"id":164,"method":"GET","url":"/search/preview/el+d%C3%ADa+del+fin+del+mundo"},"apiRuntime1":0,"dbRuntime":21,"apiRuntime2":1}
{"level":30,"time":"2024-06-24T19:05:27.842Z","req":{"id":165,"method":"GET","url":"/search/preview/equilibrium"},"apiRuntime1":1,"dbRuntime":0,"apiRuntime2":1}
{"level":30,"time":"2024-06-24T19:05:28.845Z","req":{"id":166,"method":"GET","url":"/search/preview/%C4%8D%C3%ADslo+23"},"apiRuntime1":0,"dbRuntime":0,"apiRuntime2":2}
{"level":30,"time":"2024-06-24T19:05:29.848Z","req":{"id":167,"method":"GET","url":"/search/preview/%D1%80%D0%B5%D0%BA%D0%B2%D0%B8%D0%B5%D0%BC+%D0%B7%D0%B0+%D0%B5%D0%B4%D0%BD%D0%B0+%D0%BC%D0%B5%D1%87%D1%82%D0%B0"},"apiRuntime1":0,"dbRuntime":0,"apiRuntime2":2}
{"level":30,"time":"2024-06-24T19:05:30.851Z","req":{"id":168,"method":"GET","url":"/search/preview/%E5%86%B0%E8%A1%80%E6%9A%B4"},"apiRuntime1":0,"dbRuntime":0,"apiRuntime2":1}
{"level":30,"time":"2024-06-24T19:05:31.855Z","req":{"id":169,"method":"GET","url":"/search/preview/kampen+om+algerie"},"apiRuntime1":0,"dbRuntime":0,"apiRuntime2":1}
{"level":30,"time":"2024-06-24T19:05:32.859Z","req":{"id":170,"method":"GET","url":"/search/preview/%C2%A1c%C3%B3mo+mola+tu+escoba%21"},"apiRuntime1":0,"dbRuntime":0,"apiRuntime2":2}
{"level":30,"time":"2024-06-24T19:05:33.863Z","req":{"id":171,"method":"GET","url":"/search/preview/indiana+jones+y+el+reino+de+la+calavera+de+cristal"},"apiRuntime1":0,"dbRuntime":0,"apiRuntime2":2}
{"level":30,"time":"2024-06-24T19:05:34.867Z","req":{"id":172,"method":"GET","url":"/search/preview/alice+through+the+looking+glass"},"apiRuntime1":0,"dbRuntime":1,"apiRuntime2":2}
{"level":30,"time":"2024-06-24T19:05:35.872Z","req":{"id":173,"method":"GET","url":"/search/preview/red+rocket"},"apiRuntime1":0,"dbRuntime":3,"apiRuntime2":1}
{"level":30,"time":"2024-06-24T19:05:36.878Z","req":{"id":174,"method":"GET","url":"/search/preview/um+quarto+em+roma"},"apiRuntime1":0,"dbRuntime":3,"apiRuntime2":1}
{"level":30,"time":"2024-06-24T19:05:37.881Z","req":{"id":175,"method":"GET","url":"/search/preview/zontani+metadosi"},"apiRuntime1":0,"dbRuntime":0,"apiRuntime2":1}
{"level":30,"time":"2024-06-24T19:05:38.884Z","req":{"id":176,"method":"GET","url":"/search/preview/django+brez+okovov"},"apiRuntime1":0,"dbRuntime":0,"apiRuntime2":1}
{"level":30,"time":"2024-06-24T19:05:39.889Z","req":{"id":177,"method":"GET","url":"/search/preview/gran+torino"},"apiRuntime1":0,"dbRuntime":2,"apiRuntime2":1}
{"level":30,"time":"2024-06-24T19:05:40.892Z","req":{"id":178,"method":"GET","url":"/search/preview/%E6%82%AC%E6%A1%88%E5%AF%86%E7%A0%811%EF%BC%9A%E7%AC%BC%E9%87%8C%E7%9A%84%E5%A5%B3%E4%BA%BA"},"apiRuntime1":0,"dbRuntime":0,"apiRuntime2":1}
{"level":30,"time":"2024-06-24T19:05:41.895Z","req":{"id":179,"method":"GET","url":"/search/preview/sut%C3%A2+w%C3%B4zu%2Fjedai+no+fukushuu+tokubetsuhen"},"apiRuntime1":0,"dbRuntime":0,"apiRuntime2":1}
{"level":30,"time":"2024-06-24T19:05:42.899Z","req":{"id":180,"method":"GET","url":"/search/preview/beetlejuice"},"apiRuntime1":0,"dbRuntime":0,"apiRuntime2":2}
{"level":30,"time":"2024-06-24T19:05:43.902Z","req":{"id":181,"method":"GET","url":"/search/preview/sherlock+holmes+and+the+woman+in+green"},"apiRuntime1":1,"dbRuntime":0,"apiRuntime2":1}
{"level":30,"time":"2024-06-24T19:05:44.906Z","req":{"id":182,"method":"GET","url":"/search/preview/ace+ventura+en+afrique"},"apiRuntime1":0,"dbRuntime":0,"apiRuntime2":2}
{"level":30,"time":"2024-06-24T19:05:45.909Z","req":{"id":183,"method":"GET","url":"/search/preview/cars+3"},"apiRuntime1":0,"dbRuntime":0,"apiRuntime2":1}
{"level":30,"time":"2024-06-24T19:05:46.914Z","req":{"id":184,"method":"GET","url":"/search/preview/twilight"},"apiRuntime1":0,"dbRuntime":3,"apiRuntime2":1}
{"level":30,"time":"2024-06-24T19:05:47.917Z","req":{"id":185,"method":"GET","url":"/search/preview/%22love"},"apiRuntime1":0,"dbRuntime":0,"apiRuntime2":2}
{"level":30,"time":"2024-06-24T19:05:48.958Z","req":{"id":186,"method":"GET","url":"/search/preview/la+coccinelle+tout+%C3%A9quip%C3%A9e"},"apiRuntime1":0,"dbRuntime":38,"apiRuntime2":2}
{"level":30,"time":"2024-06-24T19:05:49.960Z","req":{"id":187,"method":"GET","url":"/search/preview/pulp+fiction"},"apiRuntime1":0,"dbRuntime":0,"apiRuntime2":1}
{"level":30,"time":"2024-06-24T19:05:50.985Z","req":{"id":188,"method":"GET","url":"/search/preview/el+infiltrado"},"apiRuntime1":1,"dbRuntime":22,"apiRuntime2":1}
{"level":30,"time":"2024-06-24T19:05:51.989Z","req":{"id":189,"method":"GET","url":"/search/preview/oi+teleftaies+imeres+tis+pompiias"},"apiRuntime1":0,"dbRuntime":1,"apiRuntime2":2}
{"level":30,"time":"2024-06-24T19:05:52.992Z","req":{"id":190,"method":"GET","url":"/search/preview/krydas+iii%3A+legenda+t%C4%99siasi"},"apiRuntime1":0,"dbRuntime":0,"apiRuntime2":2}
{"level":30,"time":"2024-06-24T19:05:53.995Z","req":{"id":191,"method":"GET","url":"/search/preview/b%C3%AD+m%E1%BA%ADt+tr%C3%A1i+%C4%91%E1%BA%A5t+di%E1%BB%87t+vong"},"apiRuntime1":0,"dbRuntime":0,"apiRuntime2":2}
{"level":30,"time":"2024-06-24T19:05:55.133Z","req":{"id":192,"method":"GET","url":"/search/preview/a+grande+mentira"},"apiRuntime1":0,"dbRuntime":135,"apiRuntime2":2}
{"level":30,"time":"2024-06-24T19:05:56.136Z","req":{"id":193,"method":"GET","url":"/search/preview/braveheart"},"apiRuntime1":0,"dbRuntime":0,"apiRuntime2":2}
{"level":30,"time":"2024-06-24T19:05:57.139Z","req":{"id":194,"method":"GET","url":"/search/preview/%22hacsi"},"apiRuntime1":0,"dbRuntime":0,"apiRuntime2":2}
{"level":30,"time":"2024-06-24T19:05:58.142Z","req":{"id":195,"method":"GET","url":"/search/preview/%E4%BA%BA%E9%96%93%E6%9C%89%E6%83%85%E5%A4%A9"},"apiRuntime1":0,"dbRuntime":0,"apiRuntime2":2}
{"level":30,"time":"2024-06-24T19:05:59.145Z","req":{"id":196,"method":"GET","url":"/search/preview/sniper+americano"},"apiRuntime1":0,"dbRuntime":0,"apiRuntime2":1}
{"level":30,"time":"2024-06-24T19:06:00.147Z","req":{"id":197,"method":"GET","url":"/search/preview/uimitorul+om-paianjen+2"},"apiRuntime1":0,"dbRuntime":0,"apiRuntime2":2}
{"level":30,"time":"2024-06-24T19:06:01.150Z","req":{"id":198,"method":"GET","url":"/search/preview/marsietis"},"apiRuntime1":0,"dbRuntime":0,"apiRuntime2":2}
{"level":30,"time":"2024-06-24T19:06:02.153Z","req":{"id":199,"method":"GET","url":"/search/preview/breaking+bad"},"apiRuntime1":0,"dbRuntime":1,"apiRuntime2":1}
{"level":30,"time":"2024-06-24T19:06:03.340Z","req":{"id":200,"method":"GET","url":"/search/preview/the+morning+show"},"apiRuntime1":0,"dbRuntime":185,"apiRuntime2":1}
{"level":30,"time":"2024-06-24T19:06:04.344Z","req":{"id":201,"method":"GET","url":"/search/preview/now+you+see+me"},"apiRuntime1":0,"dbRuntime":1,"apiRuntime2":1}
{"level":30,"time":"2024-06-24T19:06:05.489Z","req":{"id":202,"method":"GET","url":"/search/preview/a+quiet+place"},"apiRuntime1":0,"dbRuntime":143,"apiRuntime2":1}
{"level":30,"time":"2024-06-24T19:06:06.492Z","req":{"id":203,"method":"GET","url":"/search/preview/total+recall+%3A+m%C3%A9moires+programm%C3%A9es"},"apiRuntime1":0,"dbRuntime":1,"apiRuntime2":1}
{"level":30,"time":"2024-06-24T19:06:07.494Z","req":{"id":204,"method":"GET","url":"/search/preview/marvel+avengers+assemble"},"apiRuntime1":0,"dbRuntime":0,"apiRuntime2":1}
{"level":30,"time":"2024-06-24T19:06:08.497Z","req":{"id":205,"method":"GET","url":"/search/preview/%E7%B4%85%E9%9B%80%E7%89%B9%E5%B7%A5"},"apiRuntime1":0,"dbRuntime":0,"apiRuntime2":2}
{"level":30,"time":"2024-06-24T19:06:09.499Z","req":{"id":206,"method":"GET","url":"/search/preview/tri%E1%BB%87u+ph%C3%BA+%E1%BB%95+chu%E1%BB%99t"},"apiRuntime1":0,"dbRuntime":0,"apiRuntime2":1}
{"level":30,"time":"2024-06-24T19:06:10.502Z","req":{"id":207,"method":"GET","url":"/search/preview/mortal+kombat"},"apiRuntime1":0,"dbRuntime":0,"apiRuntime2":2}
{"level":30,"time":"2024-06-24T19:06:11.505Z","req":{"id":208,"method":"GET","url":"/search/preview/safe+-+o+intoc%C3%A1vel"},"apiRuntime1":0,"dbRuntime":0,"apiRuntime2":2}
{"level":30,"time":"2024-06-24T19:06:12.508Z","req":{"id":209,"method":"GET","url":"/search/preview/catch+me+if+you+can"},"apiRuntime1":0,"dbRuntime":0,"apiRuntime2":2}
{"level":30,"time":"2024-06-24T19:06:13.510Z","req":{"id":210,"method":"GET","url":"/search/preview/hellboy"},"apiRuntime1":1,"dbRuntime":0,"apiRuntime2":1}
{"level":30,"time":"2024-06-24T19:06:14.512Z","req":{"id":211,"method":"GET","url":"/search/preview/muerte+en+un+funeral"},"apiRuntime1":0,"dbRuntime":0,"apiRuntime2":1}
{"level":30,"time":"2024-06-24T19:06:15.516Z","req":{"id":212,"method":"GET","url":"/search/preview/hellboy+-+kangelane+p%C3%B5rgust"},"apiRuntime1":0,"dbRuntime":0,"apiRuntime2":1}
{"level":30,"time":"2024-06-24T19:06:16.519Z","req":{"id":213,"method":"GET","url":"/search/preview/joker"},"apiRuntime1":1,"dbRuntime":2,"apiRuntime2":0}
{"level":30,"time":"2024-06-24T19:06:17.524Z","req":{"id":214,"method":"GET","url":"/search/preview/chef"},"apiRuntime1":0,"dbRuntime":2,"apiRuntime2":2}
{"level":30,"time":"2024-06-24T19:06:18.526Z","req":{"id":215,"method":"GET","url":"/search/preview/agentes+del+desorden"},"apiRuntime1":0,"dbRuntime":0,"apiRuntime2":1}
{"level":30,"time":"2024-06-24T19:06:19.532Z","req":{"id":216,"method":"GET","url":"/search/preview/rio"},"apiRuntime1":0,"dbRuntime":3,"apiRuntime2":2}
{"level":30,"time":"2024-06-24T19:06:20.535Z","req":{"id":217,"method":"GET","url":"/search/preview/%E6%A8%AA%E5%86%B2%E7%9B%B4%E6%92%9E%E4%B8%A4%E4%BA%B2%E5%AE%B6"},"apiRuntime1":0,"dbRuntime":0,"apiRuntime2":2}
{"level":30,"time":"2024-06-24T19:06:21.537Z","req":{"id":218,"method":"GET","url":"/search/preview/pacto+criminal"},"apiRuntime1":0,"dbRuntime":0,"apiRuntime2":1}
{"level":30,"time":"2024-06-24T19:06:22.541Z","req":{"id":219,"method":"GET","url":"/search/preview/elegia"},"apiRuntime1":0,"dbRuntime":1,"apiRuntime2":2}
{"level":30,"time":"2024-06-24T19:06:23.544Z","req":{"id":220,"method":"GET","url":"/search/preview/th%E1%BA%A7n+s%E1%BA%A5m+thor"},"apiRuntime1":0,"dbRuntime":0,"apiRuntime2":2}
{"level":30,"time":"2024-06-24T19:06:24.547Z","req":{"id":221,"method":"GET","url":"/search/preview/captain+america%3A+the+winter+soldier"},"apiRuntime1":0,"dbRuntime":1,"apiRuntime2":1}
{"level":30,"time":"2024-06-24T19:06:25.740Z","req":{"id":222,"method":"GET","url":"/search/preview/the+omen"},"apiRuntime1":0,"dbRuntime":190,"apiRuntime2":1}
{"level":30,"time":"2024-06-24T19:06:26.743Z","req":{"id":223,"method":"GET","url":"/search/preview/wedding+crashers"},"apiRuntime1":0,"dbRuntime":1,"apiRuntime2":2}
{"level":30,"time":"2024-06-24T19:06:27.785Z","req":{"id":224,"method":"GET","url":"/search/preview/la+tro%C5%A1kinys"},"apiRuntime1":0,"dbRuntime":40,"apiRuntime2":1}
{"level":30,"time":"2024-06-24T19:06:28.788Z","req":{"id":225,"method":"GET","url":"/search/preview/palma+real"},"apiRuntime1":0,"dbRuntime":0,"apiRuntime2":2}
{"level":30,"time":"2024-06-24T19:06:29.790Z","req":{"id":226,"method":"GET","url":"/search/preview/quyonyurak+jojo"},"apiRuntime1":0,"dbRuntime":0,"apiRuntime2":1}
{"level":30,"time":"2024-06-24T19:06:30.812Z","req":{"id":227,"method":"GET","url":"/search/preview/un+crim+perfecte"},"apiRuntime1":0,"dbRuntime":20,"apiRuntime2":1}
{"level":30,"time":"2024-06-24T19:06:32.001Z","req":{"id":228,"method":"GET","url":"/search/preview/the+cider+house+rules"},"apiRuntime1":0,"dbRuntime":186,"apiRuntime2":1}
{"level":30,"time":"2024-06-24T19:06:33.005Z","req":{"id":229,"method":"GET","url":"/search/preview/kyle+xy"},"apiRuntime1":0,"dbRuntime":0,"apiRuntime2":2}
{"level":30,"time":"2024-06-24T19:06:34.007Z","req":{"id":230,"method":"GET","url":"/search/preview/%D0%BA%D1%80%D0%B5%D0%BC%D0%BD%D0%B8%D0%B5%D0%B2%D0%B0%D1%8F+%D0%B4%D0%BE%D0%BB%D0%B8%D0%BD%D0%B0"},"apiRuntime1":0,"dbRuntime":0,"apiRuntime2":2}
{"level":30,"time":"2024-06-24T19:06:35.010Z","req":{"id":231,"method":"GET","url":"/search/preview/%D0%BA%D0%B0%D0%B2%D0%B0%D0%BB%D0%B5%D1%80%D1%96%D1%8F"},"apiRuntime1":0,"dbRuntime":0,"apiRuntime2":2}
{"level":30,"time":"2024-06-24T19:06:36.018Z","req":{"id":232,"method":"GET","url":"/search/preview/godzilla"},"apiRuntime1":0,"dbRuntime":5,"apiRuntime2":2}
{"level":30,"time":"2024-06-24T19:06:37.021Z","req":{"id":233,"method":"GET","url":"/search/preview/green+book"},"apiRuntime1":0,"dbRuntime":1,"apiRuntime2":1}
{"level":30,"time":"2024-06-24T19:06:38.027Z","req":{"id":234,"method":"GET","url":"/search/preview/dave"},"apiRuntime1":0,"dbRuntime":4,"apiRuntime2":1}
{"level":30,"time":"2024-06-24T19:06:39.030Z","req":{"id":235,"method":"GET","url":"/search/preview/incredibles+2"},"apiRuntime1":0,"dbRuntime":0,"apiRuntime2":1}
{"level":30,"time":"2024-06-24T19:06:40.071Z","req":{"id":236,"method":"GET","url":"/search/preview/la+familia+monster"},"apiRuntime1":0,"dbRuntime":39,"apiRuntime2":1}
{"level":30,"time":"2024-06-24T19:06:41.074Z","req":{"id":237,"method":"GET","url":"/search/preview/accepted"},"apiRuntime1":0,"dbRuntime":0,"apiRuntime2":2}
{"level":30,"time":"2024-06-24T19:06:42.094Z","req":{"id":238,"method":"GET","url":"/search/preview/in+the+mood+for+love"},"apiRuntime1":0,"dbRuntime":18,"apiRuntime2":1}
{"level":30,"time":"2024-06-24T19:06:43.097Z","req":{"id":239,"method":"GET","url":"/search/preview/%22non"},"apiRuntime1":1,"dbRuntime":0,"apiRuntime2":1}
{"level":30,"time":"2024-06-24T19:06:44.100Z","req":{"id":240,"method":"GET","url":"/search/preview/jag+heter+joe"},"apiRuntime1":0,"dbRuntime":1,"apiRuntime2":1}
{"level":30,"time":"2024-06-24T19:06:45.103Z","req":{"id":241,"method":"GET","url":"/search/preview/%CF%86%CE%B9%CE%BB%CE%B5%CE%BD%CE%AC%CE%B4%CE%B5%CF%82"},"apiRuntime1":0,"dbRuntime":0,"apiRuntime2":1}
{"level":30,"time":"2024-06-24T19:06:46.107Z","req":{"id":242,"method":"GET","url":"/search/preview/desperado"},"apiRuntime1":0,"dbRuntime":1,"apiRuntime2":1}
{"level":30,"time":"2024-06-24T19:06:47.110Z","req":{"id":243,"method":"GET","url":"/search/preview/temple+de+acero"},"apiRuntime1":1,"dbRuntime":0,"apiRuntime2":1}
{"level":30,"time":"2024-06-24T19:06:48.112Z","req":{"id":244,"method":"GET","url":"/search/preview/%22mom"},"apiRuntime1":0,"dbRuntime":0,"apiRuntime2":2}
{"level":30,"time":"2024-06-24T19:06:49.117Z","req":{"id":245,"method":"GET","url":"/search/preview/europa"},"apiRuntime1":0,"dbRuntime":2,"apiRuntime2":1}
{"level":30,"time":"2024-06-24T19:06:50.119Z","req":{"id":246,"method":"GET","url":"/search/preview/chevalier"},"apiRuntime1":0,"dbRuntime":0,"apiRuntime2":2}
{"level":30,"time":"2024-06-24T19:06:51.121Z","req":{"id":247,"method":"GET","url":"/search/preview/vykoupen%C3%AD+z+v%C4%9Bznice+shawshank"},"apiRuntime1":0,"dbRuntime":0,"apiRuntime2":1}
{"level":30,"time":"2024-06-24T19:06:52.123Z","req":{"id":248,"method":"GET","url":"/search/preview/aliados"},"apiRuntime1":0,"dbRuntime":0,"apiRuntime2":1}
